Removed Pin From Net: NetName=NetD2_2 Pin=T2-1
Removed Pin From Net: NetName=NetJ5_1 Pin=T2-6
Removed Pin From Net: NetName=24V Pin=T2-8
Removed Pin From Net: NetName=NetD1_2 Pin=T4-1
Removed Pin From Net: NetName=24V Pin=T4-8
Removed Member From Class: ClassName=dtb-222-relays Member=T7
Removed Member From Class: ClassName=dtb-222-relays Member=T8
Change Component Designator: OldDesignator=T3 NewDesignator=T2
Change Component Designator: OldDesignator=T5 NewDesignator=T3
Change Component Designator: OldDesignator=T6 NewDesignator=T4
Change Component Designator: OldDesignator=T7 NewDesignator=T5
Change Component Designator: OldDesignator=T8 NewDesignator=T6
Added Pin To Net: NetName=NetJ5_1 Pin=T1-3
Change Net Name : Old Net Name=NetT3_5 New Net Name=NetT2_5
Change Net Name : Old Net Name=NetT3_7 New Net Name=NetT2_7
Change Net Name : Old Net Name=NetT5_2 New Net Name=NetT3_2
Change Net Name : Old Net Name=NetT5_4 New Net Name=NetT3_4
Change Net Name : Old Net Name=NetT5_5 New Net Name=NetT3_5
Change Net Name : Old Net Name=NetT5_7 New Net Name=NetT3_7
Change Net Name : Old Net Name=NetT6_2 New Net Name=NetT4_2
Change Net Name : Old Net Name=NetT6_4 New Net Name=NetT4_4
Change Net Name : Old Net Name=NetT6_5 New Net Name=NetT4_5
Change Net Name : Old Net Name=NetT6_7 New Net Name=NetT4_7
Added Pin To Net: NetName=NetT1_4 Pin=T1-4
Added Pin To Net: NetName=NetT1_4 Pin=T2-3
Added Net: Name=NetT1_4
Added Pin To Net: NetName=NetT2_2 Pin=T2-2
Added Pin To Net: NetName=NetT2_2 Pin=T4-6
Added Net: Name=NetT2_2
Added Pin To Net: NetName=NetT2_4 Pin=T2-4
Added Pin To Net: NetName=NetT2_4 Pin=T4-3
Added Net: Name=NetT2_4
Added Room: Name=dtb-222-24V-supply
Added Room: Name=dtb-222-connectors
Added Room: Name=dtb-222-relays
